<?xml version="1.0" encoding="UTF-8"?>
<!-- Generated by org.testng.reporters.JUnitReportReporter -->
<testsuite hostname="Slomos-MacBook-Pro.local" failures="0" tests="4" name="android.ecommerce_project" time="68.918" errors="0" timestamp="2022-04-27T15:29:50 EDT" skipped="0">
  <testcase classname="android.ecommerce_project" name="WebPageTest" time="18.806"/>
  <system-out/>
  <testcase classname="android.ecommerce_project" name="FormPageTest" time="16.353"/>
  <system-out/>
  <testcase classname="android.ecommerce_project" name="CheckoutPageTest" time="10.088"/>
  <system-out/>
  <testcase classname="android.ecommerce_project" name="ProductPageTest" time="23.671"/>
  <system-out/>
</testsuite> <!-- android.ecommerce_project -->
