<?xml version="1.0" encoding="UTF-8"?>
<!-- Generated by org.testng.reporters.JUnitReportReporter -->
<testsuite hostname="Slomos-MacBook-Pro.local" failures="0" tests="4" name="test.GeneralStoreTest" time="49.728" errors="0" timestamp="2022-05-07T15:56:55 EDT" skipped="0">
  <testcase classname="test.GeneralStoreTest" name="CheckoutPageTest" time="9.442"/>
  <system-out/>
  <testcase classname="test.GeneralStoreTest" name="FormPageTest" time="9.609"/>
  <system-out/>
  <testcase classname="test.GeneralStoreTest" name="ProductPageTest" time="12.814"/>
  <system-out/>
  <testcase classname="test.GeneralStoreTest" name="WebPageTest" time="17.863"/>
  <system-out/>
</testsuite> <!-- test.GeneralStoreTest -->
