<?xml version="1.0" encoding="UTF-8"?>
<!-- Generated by org.testng.reporters.JUnitReportReporter -->
<testsuite hostname="Slomos-MacBook-Pro.local" failures="0" tests="1" name="test.AppiumServerTest" time="0.045" errors="0" timestamp="2022-04-29T22:55:47 EDT" skipped="0">
  <testcase classname="test.AppiumServerTest" name="testserver" time="0.045"/>
  <system-out/>
</testsuite> <!-- test.AppiumServerTest -->
