<?xml version="1.0" encoding="UTF-8"?>
<!-- Generated by org.testng.reporters.JUnitReportReporter -->
<testsuite hostname="Slomos-MacBook-Pro.local" failures="0" tests="4" name="test.GeneralStoreTestCLOUD" time="53.638" errors="0" timestamp="2022-05-07T15:56:55 EDT" skipped="0">
  <testcase classname="test.GeneralStoreTestCLOUD" name="ProductPageTest" time="16.821"/>
  <system-out/>
  <testcase classname="test.GeneralStoreTestCLOUD" name="WebPageTest" time="14.489"/>
  <system-out/>
  <testcase classname="test.GeneralStoreTestCLOUD" name="FormPageTest" time="11.540"/>
  <system-out/>
  <testcase classname="test.GeneralStoreTestCLOUD" name="CheckoutPageTest" time="10.788"/>
  <system-out/>
</testsuite> <!-- test.GeneralStoreTestCLOUD -->
