<?xml version="1.0" encoding="UTF-8"?>
<!-- Generated by org.testng.reporters.JUnitReportReporter -->
<testsuite hostname="Slomos-MacBook-Pro.local" failures="0" tests="1" name="test.EmulatorTest" time="10.040" errors="0" timestamp="2022-05-03T10:58:40 EDT" skipped="0">
  <testcase classname="test.EmulatorTest" name="testserver" time="10.040"/>
  <system-out/>
</testsuite> <!-- test.EmulatorTest -->
