<?xml version="1.0" encoding="UTF-8"?>
<!-- Generated by org.testng.reporters.JUnitReportReporter -->
<testsuite skipped="0" hostname="Slomos-MacBook-Pro.local" name="test.GeneralStoreTest" tests="4" failures="0" timestamp="2022-05-08T17:01:23 EDT" time="57.896" errors="0">
  <testcase name="FormPageTest" time="17.765" classname="test.GeneralStoreTest"/>
  <system-out/>
  <testcase name="CheckoutPageTest" time="10.199" classname="test.GeneralStoreTest"/>
  <system-out/>
  <testcase name="ProductPageTest" time="16.584" classname="test.GeneralStoreTest"/>
  <system-out/>
  <testcase name="WebPageTest" time="13.348" classname="test.GeneralStoreTest"/>
  <system-out/>
</testsuite> <!-- test.GeneralStoreTest -->
