<?xml version="1.0" encoding="UTF-8"?>
<!-- Generated by org.testng.reporters.JUnitReportReporter -->
<testsuite skipped="0" hostname="Slomos-MacBook-Pro.local" name="test.GeneralStoreTestCLOUD" tests="4" failures="0" timestamp="2022-05-08T17:01:23 EDT" time="54.927" errors="0">
  <testcase name="WebPageTest" time="14.762" classname="test.GeneralStoreTestCLOUD"/>
  <system-out/>
  <testcase name="FormPageTest" time="11.478" classname="test.GeneralStoreTestCLOUD"/>
  <system-out/>
  <testcase name="CheckoutPageTest" time="11.782" classname="test.GeneralStoreTestCLOUD"/>
  <system-out/>
  <testcase name="ProductPageTest" time="16.905" classname="test.GeneralStoreTestCLOUD"/>
  <system-out/>
</testsuite> <!-- test.GeneralStoreTestCLOUD -->
